2024-02-06 14:17:24,867 [INFO] Activator:176 - 


2024-02-06 14:17:24,872 [INFO] Activator:177 - !SESSION log4j initialized
2024-02-06 14:17:29,062 [INFO] LogOutputStream:77 - [STDOUT_REDIRECT] 
2024-02-06 14:17:31,995 [INFO] ApplicationProperties:184 - Using Application install path: C:\ST\STM32CubeIDE_1.13.2\STM32CubeIDE\plugins\com.st.stm32cube.common.mx_6.10.0.202311202037
2024-02-06 14:17:32,031 [INFO] DbMcusXml:78 - Set database path to: C:\ST\STM32CubeIDE_1.13.2\STM32CubeIDE\plugins\com.st.stm32cube.common.mx_6.10.0.202311202037\\db\/mcu/
2024-02-06 14:17:32,032 [INFO] ApiDb:274 - Set plugin database path to: C:\ST\STM32CubeIDE_1.13.2\STM32CubeIDE\plugins\com.st.stm32cube.common.mx_6.10.0.202311202037\\db\/plugins/boardmanager/
2024-02-06 14:17:32,033 [WARN] ApiDb:259 - Overriding images path with different value:  => C:\ST\STM32CubeIDE_1.13.2\STM32CubeIDE\plugins\com.st.stm32cube.common.mx_6.10.0.202311202037\\db\/plugins/mcufinder/images/
2024-02-06 14:17:32,045 [INFO] ApiDb:250 - Set database path to: C:\Users\Diego\.stmcufinder\plugins\mcufinder//mcu/
2024-02-06 14:17:32,048 [INFO] DbMcusAds:125 - Set database path to: C:\Users\Diego\.stmcufinder\plugins\mcufinder//mcu/
2024-02-06 14:17:32,052 [INFO] CrossReferenceDbSqlite:203 - Set database path to: C:\Users\Diego\.stmcufinder\plugins\mcufinder//mcu/cs/
2024-02-06 14:17:32,349 [INFO] RulesReader:64 - Compatibility file has been processed (297 Rules)
2024-02-06 14:17:32,515 [INFO] DbMcusXml:78 - Set database path to: C:\ST\STM32CubeIDE_1.13.2\STM32CubeIDE\plugins\com.st.stm32cube.common.mx_6.10.0.202311202037\\db\/mcu/
2024-02-06 14:17:32,516 [INFO] ApiDb:274 - Set plugin database path to: C:\ST\STM32CubeIDE_1.13.2\STM32CubeIDE\plugins\com.st.stm32cube.common.mx_6.10.0.202311202037\\db\/plugins/boardmanager/
2024-02-06 14:17:32,516 [INFO] ApiDb:261 - Set plugin images path to: C:\ST\STM32CubeIDE_1.13.2\STM32CubeIDE\plugins\com.st.stm32cube.common.mx_6.10.0.202311202037\\db\/plugins/mcufinder/images/
2024-02-06 14:17:32,517 [WARN] DbFile:41 - Overriding database path with different value: C:\Users\Diego\.stmcufinder\plugins\mcufinder/ => C:\Users\Diego\.stmcufinder\plugins\mcufinder
2024-02-06 14:17:32,517 [INFO] ApiDb:250 - Set database path to: C:\Users\Diego\.stmcufinder\plugins\mcufinder//mcu/
2024-02-06 14:17:32,518 [WARN] DbFile:41 - Overriding database path with different value: C:\Users\Diego\.stmcufinder\plugins\mcufinder/ => C:\Users\Diego\.stmcufinder\plugins\mcufinder
2024-02-06 14:17:32,518 [INFO] DbMcusAds:125 - Set database path to: C:\Users\Diego\.stmcufinder\plugins\mcufinder//mcu/
2024-02-06 14:17:32,518 [WARN] DbFile:41 - Overriding database path with different value: C:\Users\Diego\.stmcufinder\plugins\mcufinder/ => C:\Users\Diego\.stmcufinder\plugins\mcufinder
2024-02-06 14:17:32,518 [WARN] DbFile:41 - Overriding database path with different value: C:\Users\Diego\.stmcufinder\plugins\mcufinder/ => C:\Users\Diego\.stmcufinder\plugins\mcufinder
2024-02-06 14:17:32,518 [INFO] CrossReferenceDbSqlite:203 - Set database path to: C:\Users\Diego\.stmcufinder\plugins\mcufinder//mcu/cs/
2024-02-06 14:17:32,676 [INFO] MainPanel:264 - HeapMemory: 268435456
2024-02-06 14:17:32,806 [INFO] DbMcusXml:78 - Set database path to: C:\ST\STM32CubeIDE_1.13.2\STM32CubeIDE\plugins\com.st.stm32cube.common.mx_6.10.0.202311202037\\db\/mcu/
2024-02-06 14:17:32,806 [INFO] ApiDb:274 - Set plugin database path to: C:\ST\STM32CubeIDE_1.13.2\STM32CubeIDE\plugins\com.st.stm32cube.common.mx_6.10.0.202311202037\\db\/plugins/boardmanager/
2024-02-06 14:17:32,806 [INFO] ApiDb:261 - Set plugin images path to: C:\ST\STM32CubeIDE_1.13.2\STM32CubeIDE\plugins\com.st.stm32cube.common.mx_6.10.0.202311202037\\db\/plugins/mcufinder/images/
2024-02-06 14:17:32,807 [WARN] DbFile:41 - Overriding database path with different value: C:\Users\Diego\.stmcufinder\plugins\mcufinder/ => C:\Users\Diego\.stmcufinder\plugins\mcufinder
2024-02-06 14:17:32,807 [INFO] ApiDb:250 - Set database path to: C:\Users\Diego\.stmcufinder\plugins\mcufinder//mcu/
2024-02-06 14:17:32,807 [WARN] DbFile:41 - Overriding database path with different value: C:\Users\Diego\.stmcufinder\plugins\mcufinder/ => C:\Users\Diego\.stmcufinder\plugins\mcufinder
2024-02-06 14:17:32,808 [INFO] DbMcusAds:125 - Set database path to: C:\Users\Diego\.stmcufinder\plugins\mcufinder//mcu/
2024-02-06 14:17:32,808 [WARN] DbFile:41 - Overriding database path with different value: C:\Users\Diego\.stmcufinder\plugins\mcufinder/ => C:\Users\Diego\.stmcufinder\plugins\mcufinder
2024-02-06 14:17:32,808 [WARN] DbFile:41 - Overriding database path with different value: C:\Users\Diego\.stmcufinder\plugins\mcufinder/ => C:\Users\Diego\.stmcufinder\plugins\mcufinder
2024-02-06 14:17:32,808 [INFO] CrossReferenceDbSqlite:203 - Set database path to: C:\Users\Diego\.stmcufinder\plugins\mcufinder//mcu/cs/
2024-02-06 14:17:32,839 [INFO] ApplicationProperties:184 - Using Application install path: C:\ST\STM32CubeIDE_1.13.2\STM32CubeIDE\plugins\com.st.stm32cube.common.mx_6.10.0.202311202037
2024-02-06 14:17:32,842 [INFO] PluginManage:196 - Search for loadable plugins [exclusion list=, ]
2024-02-06 14:17:32,845 [INFO] PluginManage:310 - Check plugin analytics
2024-02-06 14:17:33,178 [INFO] AnalyticsPlugin:253 - Accepted Software Licenses: 
2024-02-06 14:17:33,179 [INFO] AnalyticsPlugin:255 - Accepted CMSIS Pack Licenses: 
2024-02-06 14:17:33,180 [INFO] AnalyticsPlugin:257 - Accepted Firmware Licenses: FW.F4.1.28.0
2024-02-06 14:17:33,184 [INFO] PluginManage:359 - Loaded plugin analytics (category:tool,tabindex:-1)
2024-02-06 14:17:33,185 [INFO] PluginManage:310 - Check plugin cadmodel
2024-02-06 14:17:33,192 [INFO] CADModel:105 - Init CAD model plugin
2024-02-06 14:17:33,192 [INFO] PluginManage:359 - Loaded plugin cadmodel (category:power,tabindex:5)
2024-02-06 14:17:33,193 [INFO] PluginManage:310 - Check plugin clock
2024-02-06 14:17:33,211 [INFO] PluginManage:359 - Loaded plugin clock (category:base,tabindex:2)
2024-02-06 14:17:33,212 [INFO] PluginManage:310 - Check plugin ddr
2024-02-06 14:17:33,217 [INFO] PluginManage:359 - Loaded plugin ddr (category:tool,tabindex:6)
2024-02-06 14:17:33,218 [INFO] PluginManage:310 - Check plugin filemanager
2024-02-06 14:17:33,492 [INFO] PluginManage:359 - Loaded plugin filemanager (category:base,tabindex:10)
2024-02-06 14:17:33,492 [INFO] PluginManage:310 - Check plugin ipmanager
2024-02-06 14:17:33,507 [INFO] PluginManage:359 - Loaded plugin ipmanager (category:base,tabindex:5)
2024-02-06 14:17:33,507 [INFO] PluginManage:310 - Check plugin lpbam
2024-02-06 14:17:33,524 [INFO] PluginManage:359 - Loaded plugin lpbam (category:base,tabindex:0)
2024-02-06 14:17:33,525 [INFO] PluginManage:310 - Check plugin memorymap
2024-02-06 14:17:33,552 [INFO] PluginManage:359 - Loaded plugin memorymap (category:base,tabindex:4)
2024-02-06 14:17:33,552 [INFO] PluginManage:310 - Check plugin pinoutandconfiguration
2024-02-06 14:17:33,567 [INFO] PluginManage:359 - Loaded plugin pinoutandconfiguration (category:base,tabindex:1)
2024-02-06 14:17:33,567 [INFO] PluginManage:310 - Check plugin pinoutconfig
2024-02-06 14:17:33,796 [WARN] SupportedApi:132 - Cannot load RTOS API schema: s4s-elt-must-match.1: The content of 'definitions' must match (annotation?, (simpleType | complexType)?, (unique | key | keyref)*)). A problem was found starting at: attribute.
2024-02-06 14:17:34,060 [INFO] PluginManage:359 - Loaded plugin pinoutconfig (category:base,tabindex:0)
2024-02-06 14:17:34,060 [INFO] PluginManage:310 - Check plugin power
2024-02-06 14:17:34,075 [INFO] PluginManage:359 - Loaded plugin power (category:power,tabindex:4)
2024-02-06 14:17:34,075 [INFO] PluginManage:310 - Check plugin projectmanager
2024-02-06 14:17:34,103 [INFO] PluginManage:359 - Loaded plugin projectmanager (category:projectmanager,tabindex:3)
2024-02-06 14:17:34,103 [INFO] PluginManage:310 - Check plugin thirdparty
2024-02-06 14:17:34,298 [INFO] PluginManage:359 - Loaded plugin thirdparty (category:base,tabindex:-1)
2024-02-06 14:17:34,299 [INFO] PluginManage:310 - Check plugin tools
2024-02-06 14:17:34,298 [WARN] IntegrityCheckThread:84 - waiting for thirdparty lock release [integrity check]
2024-02-06 14:17:34,299 [INFO] IntegrityCheckThread:86 - entering critical section [integrity check]
2024-02-06 14:17:34,300 [INFO] ThirdPartyUpdaterWithRetryManager:70 - Updater plugin not ready yet. [1/15]
2024-02-06 14:17:34,306 [INFO] PluginManage:359 - Loaded plugin tools (category:base,tabindex:7)
2024-02-06 14:17:34,306 [INFO] PluginManage:310 - Check plugin tutovideos
2024-02-06 14:17:34,625 [INFO] PluginManage:359 - Loaded plugin tutovideos (category:base,tabindex:-1)
2024-02-06 14:17:34,625 [INFO] PluginManage:310 - Check plugin updater
2024-02-06 14:17:34,647 [INFO] PluginManage:359 - Loaded plugin updater (category:base,tabindex:12)
2024-02-06 14:17:34,647 [INFO] PluginManage:310 - Check plugin userauth
2024-02-06 14:17:34,656 [INFO] UserAuth:114 - Init User Auth plugin
2024-02-06 14:17:34,656 [INFO] PluginManage:359 - Loaded plugin userauth (category:base,tabindex:14)
2024-02-06 14:17:34,657 [INFO] PluginManage:283 - PluginManage : Loaded plugins [17]
2024-02-06 14:17:34,999 [INFO] PinOutPanel:1499 - setPackage(No Configuration,No Configuration)
2024-02-06 14:17:35,122 [INFO] CADModel:165 - CPN selected for project level
2024-02-06 14:17:35,122 [INFO] CADModel:114 - Register for checkConnection events
2024-02-06 14:17:35,150 [INFO] IPUIPlugin:80 - create IPUIPlugin
2024-02-06 14:17:35,150 [INFO] PluginManager:220 - loadIPPluginJar : add adc
2024-02-06 14:17:35,155 [INFO] IPUIPlugin:80 - create IPUIPlugin
2024-02-06 14:17:35,155 [INFO] PluginManager:220 - loadIPPluginJar : add aes
2024-02-06 14:17:35,159 [INFO] IPUIPlugin:80 - create IPUIPlugin
2024-02-06 14:17:35,160 [INFO] PluginManager:220 - loadIPPluginJar : add can
2024-02-06 14:17:35,162 [INFO] IPUIPlugin:80 - create IPUIPlugin
2024-02-06 14:17:35,162 [INFO] PluginManager:220 - loadIPPluginJar : add comp
2024-02-06 14:17:35,166 [INFO] IPUIPlugin:80 - create IPUIPlugin
2024-02-06 14:17:35,167 [INFO] PluginManager:220 - loadIPPluginJar : add cryp
2024-02-06 14:17:35,171 [INFO] IPUIPlugin:80 - create IPUIPlugin
2024-02-06 14:17:35,171 [INFO] PluginManager:220 - loadIPPluginJar : add dfsdm
2024-02-06 14:17:35,180 [INFO] IPUIPlugin:80 - create IPUIPlugin
2024-02-06 14:17:35,181 [INFO] PluginManager:220 - loadIPPluginJar : add dma
2024-02-06 14:17:35,186 [INFO] IPUIPlugin:80 - create IPUIPlugin
2024-02-06 14:17:35,186 [INFO] PluginManager:220 - loadIPPluginJar : add dma3
2024-02-06 14:17:35,188 [INFO] IPUIPlugin:80 - create IPUIPlugin
2024-02-06 14:17:35,188 [INFO] PluginManager:220 - loadIPPluginJar : add fatfs
2024-02-06 14:17:35,195 [INFO] IPUIPlugin:80 - create IPUIPlugin
2024-02-06 14:17:35,195 [INFO] PluginManager:220 - loadIPPluginJar : add fmc
2024-02-06 14:17:35,205 [INFO] IPUIPlugin:80 - create IPUIPlugin
2024-02-06 14:17:35,205 [INFO] PluginManager:220 - loadIPPluginJar : add freertos
2024-02-06 14:17:35,207 [INFO] IPUIPlugin:80 - create IPUIPlugin
2024-02-06 14:17:35,208 [INFO] PluginManager:220 - loadIPPluginJar : add genericplugin
2024-02-06 14:17:35,211 [INFO] IPUIPlugin:80 - create IPUIPlugin
2024-02-06 14:17:35,211 [INFO] PluginManager:220 - loadIPPluginJar : add gfxmmu
2024-02-06 14:17:35,219 [INFO] IPUIPlugin:80 - create IPUIPlugin
2024-02-06 14:17:35,219 [INFO] PluginManager:220 - loadIPPluginJar : add gic
2024-02-06 14:17:35,226 [INFO] IPUIPlugin:80 - create IPUIPlugin
2024-02-06 14:17:35,227 [INFO] PluginManager:220 - loadIPPluginJar : add gpio
2024-02-06 14:17:35,232 [INFO] IPUIPlugin:80 - create IPUIPlugin
2024-02-06 14:17:35,232 [INFO] PluginManager:220 - loadIPPluginJar : add gtzc
2024-02-06 14:17:35,235 [INFO] IPUIPlugin:80 - create IPUIPlugin
2024-02-06 14:17:35,235 [INFO] PluginManager:220 - loadIPPluginJar : add hash
2024-02-06 14:17:35,241 [INFO] IPUIPlugin:80 - create IPUIPlugin
2024-02-06 14:17:35,241 [INFO] PluginManager:220 - loadIPPluginJar : add i2c
2024-02-06 14:17:35,245 [INFO] IPUIPlugin:80 - create IPUIPlugin
2024-02-06 14:17:35,245 [INFO] PluginManager:220 - loadIPPluginJar : add i2s
2024-02-06 14:17:35,250 [INFO] IPUIPlugin:80 - create IPUIPlugin
2024-02-06 14:17:35,250 [INFO] PluginManager:220 - loadIPPluginJar : add i3c
2024-02-06 14:17:35,256 [INFO] IPUIPlugin:80 - create IPUIPlugin
2024-02-06 14:17:35,256 [INFO] PluginManager:220 - loadIPPluginJar : add ipddr
2024-02-06 14:17:35,269 [INFO] IPUIPlugin:80 - create IPUIPlugin
2024-02-06 14:17:35,269 [INFO] PluginManager:220 - loadIPPluginJar : add linkedlist
2024-02-06 14:17:35,274 [INFO] IPUIPlugin:80 - create IPUIPlugin
2024-02-06 14:17:35,274 [INFO] PluginManager:220 - loadIPPluginJar : add lorawan
2024-02-06 14:17:35,276 [INFO] IPUIPlugin:80 - create IPUIPlugin
2024-02-06 14:17:35,277 [INFO] PluginManager:220 - loadIPPluginJar : add ltdc
2024-02-06 14:17:35,287 [INFO] IPUIPlugin:80 - create IPUIPlugin
2024-02-06 14:17:35,287 [INFO] PluginManager:220 - loadIPPluginJar : add mdma
2024-02-06 14:17:35,294 [INFO] IPUIPlugin:80 - create IPUIPlugin
2024-02-06 14:17:35,294 [INFO] PluginManager:220 - loadIPPluginJar : add nvic
2024-02-06 14:17:35,299 [INFO] IPUIPlugin:80 - create IPUIPlugin
2024-02-06 14:17:35,299 [INFO] PluginManager:220 - loadIPPluginJar : add opamp
2024-02-06 14:17:35,304 [INFO] IPUIPlugin:80 - create IPUIPlugin
2024-02-06 14:17:35,304 [INFO] PluginManager:220 - loadIPPluginJar : add openamp
2024-02-06 14:17:35,309 [INFO] IPUIPlugin:80 - create IPUIPlugin
2024-02-06 14:17:35,309 [INFO] PluginManager:220 - loadIPPluginJar : add pdm2pcm
2024-02-06 14:17:35,319 [INFO] IPUIPlugin:80 - create IPUIPlugin
2024-02-06 14:17:35,324 [INFO] PluginManager:220 - loadIPPluginJar : add plateformsettings
2024-02-06 14:17:35,327 [INFO] IPUIPlugin:80 - create IPUIPlugin
2024-02-06 14:17:35,327 [INFO] PluginManager:220 - loadIPPluginJar : add quadspi
2024-02-06 14:17:35,333 [INFO] IPUIPlugin:80 - create IPUIPlugin
2024-02-06 14:17:35,333 [INFO] PluginManager:220 - loadIPPluginJar : add resmgrutility
2024-02-06 14:17:35,340 [INFO] IPUIPlugin:80 - create IPUIPlugin
2024-02-06 14:17:35,340 [INFO] PluginManager:220 - loadIPPluginJar : add sai
2024-02-06 14:17:35,344 [INFO] IPUIPlugin:80 - create IPUIPlugin
2024-02-06 14:17:35,345 [INFO] PluginManager:220 - loadIPPluginJar : add spi
2024-02-06 14:17:35,354 [INFO] IPUIPlugin:80 - create IPUIPlugin
2024-02-06 14:17:35,354 [INFO] PluginManager:220 - loadIPPluginJar : add stm32_wpan
2024-02-06 14:17:35,358 [INFO] IPUIPlugin:80 - create IPUIPlugin
2024-02-06 14:17:35,358 [INFO] PluginManager:220 - loadIPPluginJar : add tim
2024-02-06 14:17:35,364 [INFO] IPUIPlugin:80 - create IPUIPlugin
2024-02-06 14:17:35,364 [INFO] PluginManager:220 - loadIPPluginJar : add touchsensing
2024-02-06 14:17:35,370 [INFO] IPUIPlugin:80 - create IPUIPlugin
2024-02-06 14:17:35,370 [INFO] PluginManager:220 - loadIPPluginJar : add tracer_emb
2024-02-06 14:17:35,373 [INFO] IPUIPlugin:80 - create IPUIPlugin
2024-02-06 14:17:35,374 [INFO] PluginManager:220 - loadIPPluginJar : add ts
2024-02-06 14:17:35,377 [INFO] IPUIPlugin:80 - create IPUIPlugin
2024-02-06 14:17:35,377 [INFO] PluginManager:220 - loadIPPluginJar : add tsc
2024-02-06 14:17:35,381 [INFO] IPUIPlugin:80 - create IPUIPlugin
2024-02-06 14:17:35,381 [INFO] PluginManager:220 - loadIPPluginJar : add ucpd
2024-02-06 14:17:35,387 [INFO] IPUIPlugin:80 - create IPUIPlugin
2024-02-06 14:17:35,387 [INFO] PluginManager:220 - loadIPPluginJar : add usart
2024-02-06 14:17:35,392 [INFO] IPUIPlugin:80 - create IPUIPlugin
2024-02-06 14:17:35,392 [INFO] PluginManager:220 - loadIPPluginJar : add usbx
2024-02-06 14:17:35,623 [INFO] CADModel:165 - CPN selected for project level
2024-02-06 14:17:35,623 [INFO] CADModel:114 - Register for checkConnection events
2024-02-06 14:17:35,625 [FATAL] Updater:308 - Updater called before beeing initialized
2024-02-06 14:17:35,625 [ERROR] CADModel:125 - Updater not yet initialized, retry later 
2024-02-06 14:17:35,922 [INFO] CADModel:165 - CPN selected for project level
2024-02-06 14:17:35,922 [INFO] CADModel:114 - Register for checkConnection events
2024-02-06 14:17:35,922 [FATAL] Updater:308 - Updater called before beeing initialized
2024-02-06 14:17:35,922 [ERROR] CADModel:125 - Updater not yet initialized, retry later 
2024-02-06 14:17:35,928 [FATAL] Updater:308 - Updater called before beeing initialized
2024-02-06 14:17:36,161 [FATAL] Updater:308 - Updater called before beeing initialized
2024-02-06 14:17:36,170 [INFO] DbMcusAds:53 - JSON generation date=Wed Nov 29 05:52:27 EST 2023 (1701255147200)
2024-02-06 14:17:36,170 [FATAL] Updater:308 - Updater called before beeing initialized
2024-02-06 14:17:36,244 [WARN] DetailPanel:346 - Failed to get advertising image, set to default
2024-02-06 14:17:36,422 [FATAL] Updater:308 - Updater called before beeing initialized
2024-02-06 14:17:36,426 [FATAL] Updater:308 - Updater called before beeing initialized
2024-02-06 14:17:36,426 [FATAL] Updater:308 - Updater called before beeing initialized
2024-02-06 14:17:36,426 [WARN] DetailPanel:346 - Failed to get advertising image, set to default
2024-02-06 14:17:36,427 [FATAL] Updater:308 - Updater called before beeing initialized
2024-02-06 14:17:36,513 [ERROR] Updater:1120 - MainUpdater not yet initialized. External WinMGr cannot be set.
2024-02-06 14:17:36,516 [INFO] Updater:1056 - Updater Version found : 6.10.0
2024-02-06 14:17:36,544 [INFO] ApplicationProperties:184 - Using Application install path: C:\ST\STM32CubeIDE_1.13.2\STM32CubeIDE\plugins\com.st.stm32cube.common.mx_6.10.0.202311202037
2024-02-06 14:17:37,060 [INFO] MainUpdater:2873 - connection check result : 10
2024-02-06 14:17:37,062 [INFO] MainUpdater:290 - Updater Check For Update Now.
2024-02-06 14:17:37,062 [INFO] MicroXplorer:498 - Change Database Version : DB.6.0.100
2024-02-06 14:17:37,074 [INFO] McuFinderGlobals:63 - Set McuFinder mode to 2 (CubeIDE integrated)
2024-02-06 14:17:37,301 [WARN] MainUpdater:1194 - Updater busy. Cannot search thirdparties
2024-02-06 14:17:37,302 [INFO] ThirdPartyUpdaterWithRetryManager:96 - Updater plugin is busy. [1/15]
2024-02-06 14:17:37,319 [INFO] UserAuth:404 - Internet connection configuration mode: 1
2024-02-06 14:17:37,354 [INFO] JxBrowserEngine:152 - Initiate JxBrowser Engine with user profile folder
2024-02-06 14:17:37,363 [INFO] CheckServerUpdateThread:120 - End of CheckServer Thread
2024-02-06 14:17:38,645 [INFO] WebApp:161 - Instantiating new browser for Auth
2024-02-06 14:17:39,707 [INFO] WebApp:780 - Register for checkConnection events
2024-02-06 14:17:39,708 [INFO] WebApp:414 - Apply proxy settings
2024-02-06 14:17:39,708 [INFO] WebApp:499 - Chromium requires no authentication
2024-02-06 14:17:39,718 [INFO] WebApp:442 - Direct internet connection detected
2024-02-06 14:17:39,988 [INFO] WebApp:192 - Starting web application
2024-02-06 14:17:39,988 [INFO] WebApp:544 - Web application path used C:\ST\STM32CubeIDE_1.13.2\STM32CubeIDE\plugins\com.st.stm32cube.common.mx_6.10.0.202311202037\db\plugins\mcufinder\reactClient1\index.html
2024-02-06 14:17:40,733 [WARN] PackLoader:240 - Cannot read IP mode file for STMicroelectronics.X-CUBE-SMBUS.2.1.0
2024-02-06 14:17:40,751 [WARN] PackLoader:240 - Cannot read IP mode file for STMicroelectronics.X-CUBE-TOUCHGFX.4.23.0
2024-02-06 14:17:40,836 [WARN] PackLoader:240 - Cannot read IP mode file for STMicroelectronics.X-CUBE-AZRTOS-F7.1.1.0
2024-02-06 14:17:40,870 [WARN] PackLoader:240 - Cannot read IP mode file for STMicroelectronics.FP-SNS-MOTENV1.4.3.2
2024-02-06 14:17:40,890 [WARN] PackLoader:240 - Cannot read IP mode file for STMicroelectronics.FP-SNS-FLIGHT1.5.0.2
2024-02-06 14:17:40,917 [WARN] PackLoader:240 - Cannot read IP mode file for STMicroelectronics.X-CUBE-DISPLAY.3.0.0
2024-02-06 14:17:40,950 [WARN] PackLoader:240 - Cannot read IP mode file for STMicroelectronics.X-CUBE-BLE1.7.0.0
2024-02-06 14:17:40,968 [WARN] PackLoader:240 - Cannot read IP mode file for emotas.I-CUBE-CANOPEN.1.3.0
2024-02-06 14:17:40,977 [WARN] PackLoader:240 - Cannot read IP mode file for STMicroelectronics.X-CUBE-TOUCHGFX.4.22.1
2024-02-06 14:17:40,992 [WARN] PackLoader:240 - Cannot read IP mode file for STMicroelectronics.FP-SNS-SMARTAG2.1.2.0
2024-02-06 14:17:41,029 [INFO] LogOutputStream:77 - [STDOUT_REDIRECT] 1 : Invalid condition id : UX_CORESTACK_Condition cause : null
2024-02-06 14:17:41,031 [INFO] LogOutputStream:77 - [STDOUT_REDIRECT] 1 : Invalid condition id : UX_CORESTACK_Condition cause : null
2024-02-06 14:17:41,034 [INFO] LogOutputStream:77 - [STDOUT_REDIRECT] 1 : Invalid condition id : UX_CORESTACK_Condition cause : null
2024-02-06 14:17:41,039 [INFO] LogOutputStream:77 - [STDOUT_REDIRECT] 1 : Invalid condition id : UX_CORESTACK_Condition cause : null
2024-02-06 14:17:41,043 [INFO] LogOutputStream:77 - [STDOUT_REDIRECT] 1 : Invalid condition id : UX_CORESTACK_Condition cause : null
2024-02-06 14:17:41,066 [WARN] PackLoader:240 - Cannot read IP mode file for STMicroelectronics.X-CUBE-AZRTOS-WL.2.0.0
2024-02-06 14:17:41,101 [WARN] PackLoader:240 - Cannot read IP mode file for WES.I-CUBE-Cesium.1.3.0
2024-02-06 14:17:41,118 [WARN] PackLoader:240 - Cannot read IP mode file for STMicroelectronics.X-CUBE-BLE2.3.3.0
2024-02-06 14:17:41,145 [WARN] PackLoader:240 - Cannot read IP mode file for STMicroelectronics.X-CUBE-ALGOBUILD.1.3.0
2024-02-06 14:17:41,220 [WARN] PackLoader:240 - Cannot read IP mode file for STMicroelectronics.X-CUBE-AZRTOS-G0.1.1.0
2024-02-06 14:17:41,246 [WARN] PackLoader:240 - Cannot read IP mode file for STMicroelectronics.X-CUBE-NFC4.3.0.0
2024-02-06 14:17:41,279 [WARN] PackLoader:240 - Cannot read IP mode file for STMicroelectronics.X-CUBE-BLEMGR.3.0.0
2024-02-06 14:17:41,292 [WARN] PackLoader:240 - Cannot read IP mode file for STMicroelectronics.FP-ATR-SIGFOX1.3.2.0
2024-02-06 14:17:41,306 [WARN] PackLoader:240 - Cannot read IP mode file for STMicroelectronics.X-CUBE-EEPRMA1.5.1.0
2024-02-06 14:17:41,418 [WARN] PackLoader:240 - Cannot read IP mode file for SEGGER.I-CUBE-embOS.1.3.1
2024-02-06 14:17:41,623 [WARN] PackLoader:240 - Cannot read IP mode file for STMicroelectronics.X-CUBE-GNSS1.6.0.0
2024-02-06 14:17:41,674 [WARN] PackLoader:240 - Cannot read IP mode file for STMicroelectronics.X-CUBE-AZRTOS-F4.1.1.0
2024-02-06 14:17:41,694 [WARN] PackLoader:240 - Cannot read IP mode file for wolfSSL.I-CUBE-wolfSSL.5.6.4
2024-02-06 14:17:41,742 [WARN] PackLoader:240 - Cannot read IP mode file for STMicroelectronics.X-CUBE-AZRTOS-L5.2.0.0
2024-02-06 14:17:41,761 [WARN] PackLoader:240 - Cannot read IP mode file for STMicroelectronics.X-CUBE-EEPRMA1.4.2.0
2024-02-06 14:17:41,776 [WARN] PackLoader:240 - Cannot read IP mode file for ITTIA_DB.I-CUBE-ITTIADB.8.8.0
2024-02-06 14:17:41,822 [WARN] ConditionMgr:438 - getConditionDescription Invalid condition id : UX DEVICE CLASS RTOS Condition cause : null
2024-02-06 14:17:41,823 [WARN] ConditionMgr:438 - getConditionDescription Invalid condition id : UX DEVICE CLASS RTOS Condition cause : null
2024-02-06 14:17:41,833 [WARN] PackLoader:240 - Cannot read IP mode file for STMicroelectronics.X-CUBE-AZRTOS-H7.3.1.0
2024-02-06 14:17:41,835 [WARN] ConditionMgr:1039 - genDependencies : Invalid condition id : UX DEVICE CLASS RTOS Condition cause : null
2024-02-06 14:17:41,836 [WARN] ConditionMgr:1039 - genDependencies : Invalid condition id : UX DEVICE CLASS RTOS Condition cause : null
2024-02-06 14:17:41,837 [WARN] ConditionMgr:1039 - genDependencies : Invalid condition id : UX DEVICE CLASS RTOS Condition cause : null
2024-02-06 14:17:41,839 [WARN] ConditionMgr:1039 - genDependencies : Invalid condition id : UX DEVICE CLASS RTOS Condition cause : null
2024-02-06 14:17:41,839 [WARN] ConditionMgr:1039 - genDependencies : Invalid condition id : UX DEVICE CLASS RTOS Condition cause : null
2024-02-06 14:17:41,857 [WARN] PackLoader:240 - Cannot read IP mode file for STMicroelectronics.X-CUBE-NFC7.1.0.1
2024-02-06 14:17:41,876 [WARN] PackLoader:240 - Cannot read IP mode file for STMicroelectronics.X-CUBE-NFC6.3.0.0
2024-02-06 14:17:41,892 [WARN] PackLoader:240 - Cannot read IP mode file for STMicroelectronics.X-CUBE-AI.8.1.0
2024-02-06 14:17:41,938 [WARN] ConditionMgr:438 - getConditionDescription Invalid condition id : LAN8742 Phy interface Condition cause : null
2024-02-06 14:17:41,940 [WARN] PackLoader:240 - Cannot read IP mode file for STMicroelectronics.X-CUBE-AZRTOS-L4.2.0.0
2024-02-06 14:17:41,944 [WARN] ConditionMgr:1039 - genDependencies : Invalid condition id : LAN8742 Phy interface Condition cause : null
2024-02-06 14:17:41,945 [WARN] ConditionMgr:1039 - genDependencies : Invalid condition id : LAN8742 Phy interface Condition cause : null
2024-02-06 14:17:41,947 [WARN] ConditionMgr:1039 - genDependencies : Invalid condition id : LAN8742 Phy interface Condition cause : null
2024-02-06 14:17:41,965 [WARN] PackLoader:240 - Cannot read IP mode file for STMicroelectronics.X-CUBE-SFXS2LP1.4.0.0
2024-02-06 14:17:41,978 [WARN] PackLoader:240 - Cannot read IP mode file for STMicroelectronics.X-CUBE-ISPU.1.1.0
2024-02-06 14:17:42,007 [WARN] ConditionMgr:438 - getConditionDescription Invalid condition id : UX DEVICE CLASS RTOS Condition cause : null
2024-02-06 14:17:42,008 [WARN] ConditionMgr:438 - getConditionDescription Invalid condition id : UX DEVICE CLASS RTOS Condition cause : null
2024-02-06 14:17:42,014 [WARN] PackLoader:240 - Cannot read IP mode file for STMicroelectronics.X-CUBE-AZRTOS-WB.2.0.0
2024-02-06 14:17:42,016 [WARN] ConditionMgr:1039 - genDependencies : Invalid condition id : UX DEVICE CLASS RTOS Condition cause : null
2024-02-06 14:17:42,016 [WARN] ConditionMgr:1039 - genDependencies : Invalid condition id : UX DEVICE CLASS RTOS Condition cause : null
2024-02-06 14:17:42,017 [WARN] ConditionMgr:1039 - genDependencies : Invalid condition id : UX DEVICE CLASS RTOS Condition cause : null
2024-02-06 14:17:42,018 [WARN] ConditionMgr:1039 - genDependencies : Invalid condition id : UX DEVICE CLASS RTOS Condition cause : null
2024-02-06 14:17:42,019 [WARN] ConditionMgr:1039 - genDependencies : Invalid condition id : UX DEVICE CLASS RTOS Condition cause : null
2024-02-06 14:17:42,045 [WARN] PackLoader:240 - Cannot read IP mode file for STMicroelectronics.X-CUBE-SUBG2.5.0.0
2024-02-06 14:17:42,084 [WARN] PackLoader:240 - Cannot read IP mode file for STMicroelectronics.X-CUBE-TOF1.3.3.1
2024-02-06 14:17:42,152 [WARN] PackLoader:240 - Cannot read IP mode file for STMicroelectronics.X-CUBE-AZRTOS-G4.2.0.0
2024-02-06 14:17:42,187 [WARN] PackLoader:240 - Cannot read IP mode file for Infineon.AIROC-Wi-Fi-Bluetooth-STM32.1.5.1
2024-02-06 14:17:42,206 [WARN] PackLoader:240 - Cannot read IP mode file for STMicroelectronics.FP-SNS-MOTENVWB1.1.3.0
2024-02-06 14:17:42,215 [WARN] PackLoader:240 - Cannot read IP mode file for STMicroelectronics.FP-SNS-MOTENVWB1.1.3.1
2024-02-06 14:17:42,224 [WARN] PackLoader:240 - Cannot read IP mode file for STMicroelectronics.X-CUBE-ISPU.2.0.0
2024-02-06 14:17:42,319 [WARN] PackLoader:240 - Cannot read IP mode file for STMicroelectronics.X-CUBE-MEMS1.10.0.0
2024-02-06 14:17:42,830 [WARN] PackLoader:240 - Cannot read IP mode file for STMicroelectronics.X-CUBE-FREERTOS.1.1.0
2024-02-06 14:17:42,860 [WARN] PackLoader:240 - Cannot read IP mode file for portGmbH.I-Cube-SoM-uGOAL.1.1.0
2024-02-06 14:17:42,873 [WARN] PackLoader:240 - Cannot read IP mode file for STMicroelectronics.X-CUBE-ALS.1.0.1
2024-02-06 14:17:42,886 [WARN] PackLoader:240 - Cannot read IP mode file for STMicroelectronics.FP-ATR-ASTRA1.2.0.0
2024-02-06 14:17:42,918 [WARN] PackLoader:240 - Cannot read IP mode file for STMicroelectronics.X-CUBE-TOF1.3.4.0
2024-02-06 14:17:43,019 [WARN] PackLoader:240 - Cannot read IP mode file for STMicroelectronics.X-CUBE-AZRTOS-H7.3.2.0
2024-02-06 14:17:43,029 [INFO] ThirdParty:978 - Integrity check success = true
2024-02-06 14:17:43,030 [INFO] IntegrityCheckThread:100 - exiting critical section [integrity check]
2024-02-06 14:17:43,030 [INFO] IntegrityCheckThread:103 - End integrity checks thread
2024-02-06 14:18:01,143 [ERROR] LogOutputStream:75 - [STDERR_REDIRECT] SLF4J: Failed to load class "org.slf4j.impl.StaticLoggerBinder".
2024-02-06 14:18:01,144 [ERROR] LogOutputStream:75 - [STDERR_REDIRECT] SLF4J: Defaulting to no-operation (NOP) logger implementation
2024-02-06 14:18:01,147 [ERROR] LogOutputStream:75 - [STDERR_REDIRECT] SLF4J: See http://www.slf4j.org/codes.html#StaticLoggerBinder for further details.
2024-02-06 14:35:47,586 [ERROR] LogOutputStream:75 - [STDERR_REDIRECT] 
